Diagnose log at 2026-06-03T19:37:03Z

AppPath: C:\Program Files\Git\mingw64\bin\git-credential-manager.exe
InstallDir: C:\Program Files\Git\mingw64\bin\
Version: 2.7.3+5fa7116896c82164996a609accd1c5ad90fe730a

------------
Diagnostic: Environment
Skipped: False
Success: True
Exception: None
Log:
OSType: Windows
OSVersion: 10.0 (build 26200)
Reading environment variables... OK
 Variables:
SystemDrive=C:
ProgramFiles(x86)=C:\Program Files (x86)
MSYSTEM=MINGW64
ProgramW6432=C:\Program Files
PROCESSOR_IDENTIFIER=Intel64 Family 6 Model 154 Stepping 3, GenuineIntel
TMP=C:\Users\Salil\AppData\Local\Temp
PROCESSOR_ARCHITECTURE=AMD64
DriverData=C:\Windows\System32\Drivers\DriverData
Path=C:/Program Files/Git/mingw64/libexec/git-core;C:\Program Files\Git\mingw64\bin;C:\Program Files\Git\usr\bin;C:\Users\Salil\bin;C:\Windows\system32;C:\Windows;C:\Windows\System32\Wbem;C:\Windows\System32\WindowsPowerShell\v1.0\;C:\Windows\System32\OpenSSH\;C:\Program Files\dotnet\;C:\Program Files (x86)\NVIDIA Corporation\PhysX\Common;C:\Program Files\NVIDIA Corporation\NVIDIA NvDLISR;C:\WINDOWS\system32;C:\WINDOWS;C:\WINDOWS\System32\Wbem;C:\WINDOWS\System32\WindowsPowerShell\v1.0\;C:\WINDOWS\System32\OpenSSH\;C:\Program Files (x86)\Windows Kits\10\Windows Performance Toolkit\;C:\Program Files\Git\cmd;%NVM_HOME%;%NVM_SYMLINK%;C:\Users\Salil\AppData\Local\Programs\Python\Python313\Scripts\;C:\Users\Salil\AppData\Local\Programs\Python\Python313\;C:\Users\Salil\AppData\Local\Programs\Python\Launcher\;C:\Users\Salil\AppData\Local\Microsoft\WindowsApps;C:\Users\Salil\AppData\Local\Programs\Microsoft VS Code\bin;C:\Users\Salil\AppData\Roaming\npm;C:\Users\Salil\AppData\Local\nvm;C:\nvm4w\nodejs
PROCESSOR_REVISION=9a03
TMPDIR=C:\Users\Salil\AppData\Local\Temp
TEMP=C:\Users\Salil\AppData\Local\Temp
USERPROFILE=C:\Users\Salil
LOGONSERVER=\\DESKTOP-2FCBUHR
TERM=xterm-256color
USERNAME=Salil
SystemRoot=C:\WINDOWS
ProgramData=C:\ProgramData
GIT_EXEC_PATH=C:/Program Files/Git/mingw64/libexec/git-core
PLINK_PROTOCOL=ssh
OneDrive=C:\Users\Salil\OneDrive
CommonProgramFiles=C:\Program Files\Common Files
ZES_ENABLE_SYSMAN=1
EFC_5592_4126798990=1
EFC_5592_1592913036=1
LC_CTYPE=C.UTF-8
HOMEPATH=\Users\Salil
IGCCSVC_DB=AQAAANCMnd8BFdERjHoAwE/Cl+sBAAAAKWXuve6U1kizlRmmUFqYBgQAAAACAAAAAAAQZgAAAAEAACAAAAATg0hEib2Zk+2nhEPNqeMCgQHtJutdbZ9UTyHVl8PHBwAAAAAOgAAAAAIAACAAAACulnfGeMJbxyVh8YfYerlkGQQ+6GR8GQIE81fxRtQl8GAAAADn/1edHS/gUG9NE/EhzwHn0ZUm+/WzbQjDsyIOvqdt31IlGbSDWNLvsWf9eISkzEfKVzHQBb5XrVStXWZTqqNYsEi/uYeYMDXkdLJCJcNSjIC0RNrcG0X5l7cdpZQdDWZAAAAANnYx0GtqudMorEFNYcatrZ9ULRMU/YFjBd0wJnS50eN+VoTztoP3rPTbpuEfFt4S+9nN+GUBS+fcQniM4I8n7g==
COMPUTERNAME=DESKTOP-2FCBUHR
ALLUSERSPROFILE=C:\ProgramData
CommonProgramW6432=C:\Program Files\Common Files
SESSIONNAME=Console
NVM_HOME=C:\Users\Salil\AppData\Local\nvm
CommonProgramFiles(x86)=C:\Program Files (x86)\Common Files
HOMEDRIVE=C:
windir=C:\WINDOWS
GIT_TRACE2_PARENT_SID=b1604997-d8e0-4551-bdad-f29166506c11
NUMBER_OF_PROCESSORS=16
OS=Windows_NT
ProgramFiles=C:\Program Files
ComSpec=C:\WINDOWS\system32\cmd.exe
PATHEXT=.COM;.EXE;.BAT;.CMD;.VBS;.VBE;.JS;.JSE;.WSF;.WSH;.MSC
HOME=C:\Users\Salil
PSModulePath=C:\Program Files\WindowsPowerShell\Modules;C:\WINDOWS\system32\WindowsPowerShell\v1.0\Modules
PROMPT=$P$G
NVM_SYMLINK=C:\nvm4w\nodejs
APPDATA=C:\Users\Salil\AppData\Roaming
USERDOMAIN=DESKTOP-2FCBUHR
PROCESSOR_LEVEL=6
LOCALAPPDATA=C:\Users\Salil\AppData\Local
USERDOMAIN_ROAMINGPROFILE=DESKTOP-2FCBUHR
COLORTERM=truecolor
PUBLIC=C:\Users\Public


------------
Diagnostic: File system
Skipped: False
Success: True
Exception: None
Log:
Temporary directory is 'C:\Users\Salil\AppData\Local\Temp\'...
Checking basic file I/O...
Writing to temporary file 'C:\Users\Salil\AppData\Local\Temp\3312438399c6c2583ff2391c'... OK
Reading from temporary file 'C:\Users\Salil\AppData\Local\Temp\3312438399c6c2583ff2391c'... OK
Deleting temporary file 'C:\Users\Salil\AppData\Local\Temp\3312438399c6c2583ff2391c'... OK
Testing IFileSystem instance...
UserHomePath: C:\Users\Salil
UserDataDirectoryPath: C:\Users\Salil\.gcm
GetCurrentDirectory(): C:\Users\Salil\Desktop\assure-logistics-export

------------
Diagnostic: Networking
Skipped: False
Success: True
Exception: None
Log:
Checking networking and HTTP stack...
Creating HTTP client... OK
IsNetworkAvailable: True
Sending HEAD request to http://example.com...Sending HEAD request to https://example.com... OK
 OK
Acquiring free TCP port... OK
Testing local HTTP loopback connections...
Creating new HTTP listener for http://localhost:50657/... OK
Waiting for loopback connection... OK
Writing response... OK
Waiting for response data... OK
Loopback connection data OK

------------
Diagnostic: Git
Skipped: False
Success: True
Exception: None
Log:
Getting Git version... OK
Git version is '2.54.0.windows.1'
Locating current repository...Git repository at 'C:/Users/Salil/Desktop/assure-logistics-export/.git'
 OK
Listing all Git configuration... OK
Git configuration:
file:C:/Program Files/Git/etc/gitconfig	diff.astextplain.textconv=astextplain
file:C:/Program Files/Git/etc/gitconfig	filter.lfs.clean=git-lfs clean -- %f
file:C:/Program Files/Git/etc/gitconfig	filter.lfs.smudge=git-lfs smudge -- %f
file:C:/Program Files/Git/etc/gitconfig	filter.lfs.process=git-lfs filter-process
file:C:/Program Files/Git/etc/gitconfig	filter.lfs.required=true
file:C:/Program Files/Git/etc/gitconfig	http.sslbackend=schannel
file:C:/Program Files/Git/etc/gitconfig	core.autocrlf=true
file:C:/Program Files/Git/etc/gitconfig	core.fscache=true
file:C:/Program Files/Git/etc/gitconfig	core.symlinks=false
file:C:/Program Files/Git/etc/gitconfig	pull.rebase=false
file:C:/Program Files/Git/etc/gitconfig	credential.helper=manager
file:C:/Program Files/Git/etc/gitconfig	credential.https://dev.azure.com.usehttppath=true
file:C:/Program Files/Git/etc/gitconfig	init.defaultbranch=master
file:C:/Users/Salil/.gitconfig	user.name=Salil Yadav
file:C:/Users/Salil/.gitconfig	user.email=info@assurelogisticsservices.com
file:.git/config	core.repositoryformatversion=0
file:.git/config	core.filemode=false
file:.git/config	core.bare=false
file:.git/config	core.logallrefupdates=true
file:.git/config	core.symlinks=false
file:.git/config	core.ignorecase=true
file:.git/config	remote.origin.url=https://github.com/assure-logistics/assure-logistics.git
file:.git/config	remote.origin.fetch=+refs/heads/*:refs/remotes/origin/*


------------
Diagnostic: Credential storage
Skipped: False
Success: True
Exception: None
Log:
ICredentialStore instance is of type: CredentialStore
Writing test credential... OK
Reading test credential... OK
Deleting test credential... OK

------------
Diagnostic: Microsoft authentication (AAD/MSA)
Skipped: False
Success: True
Exception: None
Log:
Broker is not enabled.
Flow type is: Auto
Gathering MSAL token cache data... OK
CacheDirectory: C:\Users\Salil\AppData\Local\.IdentityService
CacheFileName: msal.cache
CacheFilePath: C:\Users\Salil\AppData\Local\.IdentityService\msal.cache
Creating cache helper... OK
Verifying MSAL token cache persistence... OK

------------
Diagnostic: GitHub API
Skipped: False
Success: True
Exception: None
Log:
Using 'https://github.com/' as API target.
Querying '/meta' endpoint... OK

